CRITICAL - 2021-01-20 02:07:17 --> Declaration of App\Controllers\BookController::index($start, $end) should be compatible with CodeIgniter\RESTful\ResourceController::index()
#0 /Users/nhn/Sites/nhn_example2/app/Controllers/Bookcontroller.php(8): CodeIgniter\Debug\Exceptions->errorHandler(2, 'Declaration of ...', '/Users/nhn/Site...', 8, Array)
#1 /Users/nhn/Sites/nhn_example2/system/Router/Router.php(583): include_once('/Users/nhn/Site...')
#2 /Users/nhn/Sites/nhn_example2/system/Router/Router.php(195): CodeIgniter\Router\Router->autoRoute('bookcontroller/...')
#3 /Users/nhn/Sites/nhn_example2/system/CodeIgniter.php(793): CodeIgniter\Router\Router->handle('bookcontroller/...')
#4 /Users/nhn/Sites/nhn_example2/system/CodeIgniter.php(364): CodeIgniter\CodeIgniter->tryToRouteIt(Object(CodeIgniter\Router\RouteCollection))
#5 /Users/nhn/Sites/nhn_example2/system/CodeIgniter.php(312): CodeIgniter\CodeIgniter->handleRequest(NULL, Object(Config\Cache), false)
#6 /Users/nhn/Sites/nhn_example2/public/index.php(45): CodeIgniter\CodeIgniter->run()
#7 {main}
CRITICAL - 2021-01-20 02:07:30 --> Declaration of App\Controllers\BookController::index($start, $end) should be compatible with CodeIgniter\RESTful\ResourceController::index()
#0 /Users/nhn/Sites/nhn_example2/app/Controllers/Bookcontroller.php(8): CodeIgniter\Debug\Exceptions->errorHandler(2, 'Declaration of ...', '/Users/nhn/Site...', 8, Array)
#1 /Users/nhn/Sites/nhn_example2/system/Router/Router.php(583): include_once('/Users/nhn/Site...')
#2 /Users/nhn/Sites/nhn_example2/system/Router/Router.php(195): CodeIgniter\Router\Router->autoRoute('bookcontroller/...')
#3 /Users/nhn/Sites/nhn_example2/system/CodeIgniter.php(793): CodeIgniter\Router\Router->handle('bookcontroller/...')
#4 /Users/nhn/Sites/nhn_example2/system/CodeIgniter.php(364): CodeIgniter\CodeIgniter->tryToRouteIt(Object(CodeIgniter\Router\RouteCollection))
#5 /Users/nhn/Sites/nhn_example2/system/CodeIgniter.php(312): CodeIgniter\CodeIgniter->handleRequest(NULL, Object(Config\Cache), false)
#6 /Users/nhn/Sites/nhn_example2/public/index.php(45): CodeIgniter\CodeIgniter->run()
#7 {main}
CRITICAL - 2021-01-20 02:08:17 --> Declaration of App\Controllers\BookController::index($start, $end) should be compatible with CodeIgniter\RESTful\ResourceController::index()
#0 /Users/nhn/Sites/nhn_example2/app/Controllers/Bookcontroller.php(8): CodeIgniter\Debug\Exceptions->errorHandler(2, 'Declaration of ...', '/Users/nhn/Site...', 8, Array)
#1 /Users/nhn/Sites/nhn_example2/system/Router/Router.php(583): include_once('/Users/nhn/Site...')
#2 /Users/nhn/Sites/nhn_example2/system/Router/Router.php(195): CodeIgniter\Router\Router->autoRoute('bookcontroller/...')
#3 /Users/nhn/Sites/nhn_example2/system/CodeIgniter.php(793): CodeIgniter\Router\Router->handle('bookcontroller/...')
#4 /Users/nhn/Sites/nhn_example2/system/CodeIgniter.php(364): CodeIgniter\CodeIgniter->tryToRouteIt(Object(CodeIgniter\Router\RouteCollection))
#5 /Users/nhn/Sites/nhn_example2/system/CodeIgniter.php(312): CodeIgniter\CodeIgniter->handleRequest(NULL, Object(Config\Cache), false)
#6 /Users/nhn/Sites/nhn_example2/public/index.php(45): CodeIgniter\CodeIgniter->run()
#7 {main}
CRITICAL - 2021-01-20 02:08:34 --> Declaration of App\Controllers\BookController::index($start, $end) should be compatible with CodeIgniter\RESTful\ResourceController::index()
#0 /Users/nhn/Sites/nhn_example2/app/Controllers/Bookcontroller.php(8): CodeIgniter\Debug\Exceptions->errorHandler(2, 'Declaration of ...', '/Users/nhn/Site...', 8, Array)
#1 /Users/nhn/Sites/nhn_example2/system/Router/Router.php(583): include_once('/Users/nhn/Site...')
#2 /Users/nhn/Sites/nhn_example2/system/Router/Router.php(195): CodeIgniter\Router\Router->autoRoute('bookcontroller/...')
#3 /Users/nhn/Sites/nhn_example2/system/CodeIgniter.php(793): CodeIgniter\Router\Router->handle('bookcontroller/...')
#4 /Users/nhn/Sites/nhn_example2/system/CodeIgniter.php(364): CodeIgniter\CodeIgniter->tryToRouteIt(Object(CodeIgniter\Router\RouteCollection))
#5 /Users/nhn/Sites/nhn_example2/system/CodeIgniter.php(312): CodeIgniter\CodeIgniter->handleRequest(NULL, Object(Config\Cache), false)
#6 /Users/nhn/Sites/nhn_example2/public/index.php(45): CodeIgniter\CodeIgniter->run()
#7 {main}
CRITICAL - 2021-01-20 02:08:53 --> Declaration of App\Controllers\BookController::index($start, $end) should be compatible with CodeIgniter\RESTful\ResourceController::index()
#0 /Users/nhn/Sites/nhn_example2/app/Controllers/Bookcontroller.php(8): CodeIgniter\Debug\Exceptions->errorHandler(2, 'Declaration of ...', '/Users/nhn/Site...', 8, Array)
#1 /Users/nhn/Sites/nhn_example2/system/Router/Router.php(583): include_once('/Users/nhn/Site...')
#2 /Users/nhn/Sites/nhn_example2/system/Router/Router.php(195): CodeIgniter\Router\Router->autoRoute('bookcontroller/...')
#3 /Users/nhn/Sites/nhn_example2/system/CodeIgniter.php(793): CodeIgniter\Router\Router->handle('bookcontroller/...')
#4 /Users/nhn/Sites/nhn_example2/system/CodeIgniter.php(364): CodeIgniter\CodeIgniter->tryToRouteIt(Object(CodeIgniter\Router\RouteCollection))
#5 /Users/nhn/Sites/nhn_example2/system/CodeIgniter.php(312): CodeIgniter\CodeIgniter->handleRequest(NULL, Object(Config\Cache), false)
#6 /Users/nhn/Sites/nhn_example2/public/index.php(45): CodeIgniter\CodeIgniter->run()
#7 {main}
CRITICAL - 2021-01-20 02:09:00 --> Declaration of App\Controllers\BookController::index($start, $end) should be compatible with CodeIgniter\RESTful\ResourceController::index()
#0 /Users/nhn/Sites/nhn_example2/app/Controllers/Bookcontroller.php(8): CodeIgniter\Debug\Exceptions->errorHandler(2, 'Declaration of ...', '/Users/nhn/Site...', 8, Array)
#1 /Users/nhn/Sites/nhn_example2/system/Router/Router.php(583): include_once('/Users/nhn/Site...')
#2 /Users/nhn/Sites/nhn_example2/system/Router/Router.php(195): CodeIgniter\Router\Router->autoRoute('bookcontroller/...')
#3 /Users/nhn/Sites/nhn_example2/system/CodeIgniter.php(793): CodeIgniter\Router\Router->handle('bookcontroller/...')
#4 /Users/nhn/Sites/nhn_example2/system/CodeIgniter.php(364): CodeIgniter\CodeIgniter->tryToRouteIt(Object(CodeIgniter\Router\RouteCollection))
#5 /Users/nhn/Sites/nhn_example2/system/CodeIgniter.php(312): CodeIgniter\CodeIgniter->handleRequest(NULL, Object(Config\Cache), false)
#6 /Users/nhn/Sites/nhn_example2/public/index.php(45): CodeIgniter\CodeIgniter->run()
#7 {main}
CRITICAL - 2021-01-20 02:09:18 --> Declaration of App\Controllers\BookController::index($start, $end) should be compatible with CodeIgniter\RESTful\ResourceController::index()
#0 /Users/nhn/Sites/nhn_example2/app/Controllers/Bookcontroller.php(8): CodeIgniter\Debug\Exceptions->errorHandler(2, 'Declaration of ...', '/Users/nhn/Site...', 8, Array)
#1 /Users/nhn/Sites/nhn_example2/system/Router/Router.php(583): include_once('/Users/nhn/Site...')
#2 /Users/nhn/Sites/nhn_example2/system/Router/Router.php(195): CodeIgniter\Router\Router->autoRoute('bookcontroller/...')
#3 /Users/nhn/Sites/nhn_example2/system/CodeIgniter.php(793): CodeIgniter\Router\Router->handle('bookcontroller/...')
#4 /Users/nhn/Sites/nhn_example2/system/CodeIgniter.php(364): CodeIgniter\CodeIgniter->tryToRouteIt(Object(CodeIgniter\Router\RouteCollection))
#5 /Users/nhn/Sites/nhn_example2/system/CodeIgniter.php(312): CodeIgniter\CodeIgniter->handleRequest(NULL, Object(Config\Cache), false)
#6 /Users/nhn/Sites/nhn_example2/public/index.php(45): CodeIgniter\CodeIgniter->run()
#7 {main}
CRITICAL - 2021-01-20 02:09:33 --> Declaration of App\Controllers\BookController::index($start, $end) should be compatible with CodeIgniter\RESTful\ResourceController::index()
#0 /Users/nhn/Sites/nhn_example2/app/Controllers/Bookcontroller.php(8): CodeIgniter\Debug\Exceptions->errorHandler(2, 'Declaration of ...', '/Users/nhn/Site...', 8, Array)
#1 /Users/nhn/Sites/nhn_example2/system/Router/Router.php(583): include_once('/Users/nhn/Site...')
#2 /Users/nhn/Sites/nhn_example2/system/Router/Router.php(195): CodeIgniter\Router\Router->autoRoute('bookcontroller/...')
#3 /Users/nhn/Sites/nhn_example2/system/CodeIgniter.php(793): CodeIgniter\Router\Router->handle('bookcontroller/...')
#4 /Users/nhn/Sites/nhn_example2/system/CodeIgniter.php(364): CodeIgniter\CodeIgniter->tryToRouteIt(Object(CodeIgniter\Router\RouteCollection))
#5 /Users/nhn/Sites/nhn_example2/system/CodeIgniter.php(312): CodeIgniter\CodeIgniter->handleRequest(NULL, Object(Config\Cache), false)
#6 /Users/nhn/Sites/nhn_example2/public/index.php(45): CodeIgniter\CodeIgniter->run()
#7 {main}
CRITICAL - 2021-01-20 02:11:08 --> A non well formed numeric value encountered
#0 /Users/nhn/Sites/nhn_example2/app/Controllers/Bookcontroller.php(15): CodeIgniter\Debug\Exceptions->errorHandler(8, 'A non well form...', '/Users/nhn/Site...', 15, Array)
#1 /Users/nhn/Sites/nhn_example2/system/CodeIgniter.php(918): App\Controllers\BookController->dateselect('2021-01-01', '2021-01-31')
#2 /Users/nhn/Sites/nhn_example2/system/CodeIgniter.php(404): CodeIgniter\CodeIgniter->runController(Object(App\Controllers\BookController))
#3 /Users/nhn/Sites/nhn_example2/system/CodeIgniter.php(312): CodeIgniter\CodeIgniter->handleRequest(NULL, Object(Config\Cache), false)
#4 /Users/nhn/Sites/nhn_example2/public/index.php(45): CodeIgniter\CodeIgniter->run()
#5 {main}
CRITICAL - 2021-01-20 02:11:22 --> A non well formed numeric value encountered
#0 /Users/nhn/Sites/nhn_example2/app/Controllers/Bookcontroller.php(15): CodeIgniter\Debug\Exceptions->errorHandler(8, 'A non well form...', '/Users/nhn/Site...', 15, Array)
#1 /Users/nhn/Sites/nhn_example2/system/CodeIgniter.php(918): App\Controllers\BookController->dateselect('2021-01-01', '2021-01-31')
#2 /Users/nhn/Sites/nhn_example2/system/CodeIgniter.php(404): CodeIgniter\CodeIgniter->runController(Object(App\Controllers\BookController))
#3 /Users/nhn/Sites/nhn_example2/system/CodeIgniter.php(312): CodeIgniter\CodeIgniter->handleRequest(NULL, Object(Config\Cache), false)
#4 /Users/nhn/Sites/nhn_example2/public/index.php(45): CodeIgniter\CodeIgniter->run()
#5 {main}
